# JRE version: OpenJDK Runtime Environment (8.0_152-b01) (build 1.8.0_152-release-1343-b01)
# Java VM: OpenJDK 64-Bit Server VM (25.152-b01 mixed mode windows-amd64 compressed oops)
Heap:
 PSYoungGen      total 324096K, used 293448K [0x00000000e0000000, 0x00000000f9880000, 0x0000000100000000)
  eden space 284672K, 97% used [0x00000000e0000000,0x00000000f0ee53b0,0x00000000f1600000)
  from space 39424K, 40% used [0x00000000f1600000,0x00000000f25acea0,0x00000000f3c80000)
  to   space 38400K, 0% used [0x00000000f7300000,0x00000000f7300000,0x00000000f9880000)
 ParOldGen       total 226304K, used 82715K [0x00000000a0000000, 0x00000000add00000, 0x00000000e0000000)
  object space 226304K, 36% used [0x00000000a0000000,0x00000000a50c6ff8,0x00000000add00000)
 Metaspace       used 103336K, capacity 108710K, committed 108864K, reserved 1144832K
  class space    used 12904K, capacity 13801K, committed 13928K, reserved 1048576K
GC Heap History (10 events):
Event: 6996.198 GC heap before
{Heap before GC invocations=27 (full 4):
 PSYoungGen      total 239104K, used 238795K [0x00000000e0000000, 0x00000000f2700000, 0x0000000100000000)
  eden space 216576K, 100% used [0x00000000e0000000,0x00000000ed380000,0x00000000ed380000)
  from space 22528K, 98% used [0x00000000f1100000,0x00000000f26b2ef8,0x00000000f2700000)
  to   space 35328K, 0% used [0x00000000ee200000,0x00000000ee200000,0x00000000f0480000)
 ParOldGen       total 226304K, used 67660K [0x00000000a0000000, 0x00000000add00000, 0x00000000e0000000)
  object space 226304K, 29% used [0x00000000a0000000,0x00000000a42132a0,0x00000000add00000)
 Metaspace       used 101778K, capacity 106966K, committed 107200K, reserved 1142784K
  class space    used 12804K, capacity 13677K, committed 13800K, reserved 1048576K
Event: 6996.446 GC heap after
Heap after GC invocations=27 (full 4):
 PSYoungGen      total 266752K, used 27553K [0x00000000e0000000, 0x00000000f3380000, 0x0000000100000000)
  eden space 231424K, 0% used [0x00000000e0000000,0x00000000e0000000,0x00000000ee200000)
  from space 35328K, 77% used [0x00000000ee200000,0x00000000efce8400,0x00000000f0480000)
  to   space 36864K, 0% used [0x00000000f0f80000,0x00000000f0f80000,0x00000000f3380000)
 ParOldGen       total 226304K, used 67660K [0x00000000a0000000, 0x00000000add00000, 0x00000000e0000000)
  object space 226304K, 29% used [0x00000000a0000000,0x00000000a42132a0,0x00000000add00000)
 Metaspace       used 101778K, capacity 106966K, committed 107200K, reserved 1142784K
  class space    used 12804K, capacity 13677K, committed 13800K, reserved 1048576K
}
Event: 7007.961 GC heap before
{Heap before GC invocations=28 (full 4):
 PSYoungGen      total 266752K, used 258977K [0x00000000e0000000, 0x00000000f3380000, 0x0000000100000000)
  eden space 231424K, 100% used [0x00000000e0000000,0x00000000ee200000,0x00000000ee200000)
  from space 35328K, 77% used [0x00000000ee200000,0x00000000efce8400,0x00000000f0480000)
  to   space 36864K, 0% used [0x00000000f0f80000,0x00000000f0f80000,0x00000000f3380000)
 ParOldGen       total 226304K, used 67660K [0x00000000a0000000, 0x00000000add00000, 0x00000000e0000000)
  object space 226304K, 29% used [0x00000000a0000000,0x00000000a42132a0,0x00000000add00000)
 Metaspace       used 102856K, capacity 108208K, committed 108224K, reserved 1144832K
  class space    used 12901K, capacity 13796K, committed 13800K, reserved 1048576K
Event: 7008.330 GC heap after
Heap after GC invocations=28 (full 4):
 PSYoungGen      total 275968K, used 29135K [0x00000000e0000000, 0x00000000f4f00000, 0x0000000100000000)
  eden space 239104K, 0% used [0x00000000e0000000,0x00000000e0000000,0x00000000ee980000)
  from space 36864K, 79% used [0x00000000f0f80000,0x00000000f2bf3ff0,0x00000000f3380000)
  to   space 38912K, 0% used [0x00000000ee980000,0x00000000ee980000,0x00000000f0f80000)
 ParOldGen       total 226304K, used 67660K [0x00000000a0000000, 0x00000000add00000, 0x00000000e0000000)
  object space 226304K, 29% used [0x00000000a0000000,0x00000000a42132a0,0x00000000add00000)
 Metaspace       used 102856K, capacity 108208K, committed 108224K, reserved 1144832K
  class space    used 12901K, capacity 13796K, committed 13800K, reserved 1048576K
}
Event: 7011.291 GC heap before
{Heap before GC invocations=29 (full 4):
 PSYoungGen      total 275968K, used 268239K [0x00000000e0000000, 0x00000000f4f00000, 0x0000000100000000)
  eden space 239104K, 100% used [0x00000000e0000000,0x00000000ee980000,0x00000000ee980000)
  from space 36864K, 79% used [0x00000000f0f80000,0x00000000f2bf3ff0,0x00000000f3380000)
  to   space 38912K, 0% used [0x00000000ee980000,0x00000000ee980000,0x00000000f0f80000)
 ParOldGen       total 226304K, used 67660K [0x00000000a0000000, 0x00000000add00000, 0x00000000e0000000)
  object space 226304K, 29% used [0x00000000a0000000,0x00000000a42132a0,0x00000000add00000)
 Metaspace       used 102935K, capacity 108290K, committed 108480K, reserved 1144832K
  class space    used 12901K, capacity 13797K, committed 13800K, reserved 1048576K
Event: 7011.727 GC heap after
Heap after GC invocations=29 (full 4):
 PSYoungGen      total 278016K, used 28794K [0x00000000e0000000, 0x00000000f6400000, 0x0000000100000000)
  eden space 239104K, 0% used [0x00000000e0000000,0x00000000e0000000,0x00000000ee980000)
  from space 38912K, 73% used [0x00000000ee980000,0x00000000f059eb20,0x00000000f0f80000)
  to   space 40448K, 0% used [0x00000000f3c80000,0x00000000f3c80000,0x00000000f6400000)
 ParOldGen       total 226304K, used 67660K [0x00000000a0000000, 0x00000000add00000, 0x00000000e0000000)
  object space 226304K, 29% used [0x00000000a0000000,0x00000000a42132a0,0x00000000add00000)
 Metaspace       used 102935K, capacity 108290K, committed 108480K, reserved 1144832K
  class space    used 12901K, capacity 13797K, committed 13800K, reserved 1048576K
}
Event: 7013.066 GC heap before
{Heap before GC invocations=30 (full 4):
 PSYoungGen      total 278016K, used 267898K [0x00000000e0000000, 0x00000000f6400000, 0x0000000100000000)
  eden space 239104K, 100% used [0x00000000e0000000,0x00000000ee980000,0x00000000ee980000)
  from space 38912K, 73% used [0x00000000ee980000,0x00000000f059eb20,0x00000000f0f80000)
  to   space 40448K, 0% used [0x00000000f3c80000,0x00000000f3c80000,0x00000000f6400000)
 ParOldGen       total 226304K, used 67660K [0x00000000a0000000, 0x00000000add00000, 0x00000000e0000000)
  object space 226304K, 29% used [0x00000000a0000000,0x00000000a42132a0,0x00000000add00000)
 Metaspace       used 102964K, capacity 108294K, committed 108480K, reserved 1144832K
  class space    used 12901K, capacity 13797K, committed 13800K, reserved 1048576K
Event: 7013.278 GC heap after
Heap after GC invocations=30 (full 4):
 PSYoungGen      total 325120K, used 14477K [0x00000000e0000000, 0x00000000f6780000, 0x0000000100000000)
  eden space 284672K, 0% used [0x00000000e0000000,0x00000000e0000000,0x00000000f1600000)
  from space 40448K, 35% used [0x00000000f3c80000,0x00000000f4aa3698,0x00000000f6400000)
  to   space 39424K, 0% used [0x00000000f1600000,0x00000000f1600000,0x00000000f3c80000)
 ParOldGen       total 226304K, used 80563K [0x00000000a0000000, 0x00000000add00000, 0x00000000e0000000)
  object space 226304K, 35% used [0x00000000a0000000,0x00000000a4eacfc8,0x00000000add00000)
 Metaspace       used 102964K, capacity 108294K, committed 108480K, reserved 1144832K
  class space    used 12901K, capacity 13797K, committed 13800K, reserved 1048576K
}
Event: 7016.503 GC heap before
{Heap before GC invocations=31 (full 4):
 PSYoungGen      total 325120K, used 299149K [0x00000000e0000000, 0x00000000f6780000, 0x0000000100000000)
  eden space 284672K, 100% used [0x00000000e0000000,0x00000000f1600000,0x00000000f1600000)
  from space 40448K, 35% used [0x00000000f3c80000,0x00000000f4aa3698,0x00000000f6400000)
  to   space 39424K, 0% used [0x00000000f1600000,0x00000000f1600000,0x00000000f3c80000)
 ParOldGen       total 226304K, used 80563K [0x00000000a0000000, 0x00000000add00000, 0x00000000e0000000)
  object space 226304K, 35% used [0x00000000a0000000,0x00000000a4eacfc8,0x00000000add00000)
 Metaspace       used 103199K, capacity 108570K, committed 108864K, reserved 1144832K
  class space    used 12904K, capacity 13801K, committed 13928K, reserved 1048576K
Event: 7016.599 GC heap after
Heap after GC invocations=31 (full 4):
 PSYoungGen      total 324096K, used 16051K [0x00000000e0000000, 0x00000000f9880000, 0x0000000100000000)
  eden space 284672K, 0% used [0x00000000e0000000,0x00000000e0000000,0x00000000f1600000)
  from space 39424K, 40% used [0x00000000f1600000,0x00000000f25acea0,0x00000000f3c80000)
  to   space 38400K, 0% used [0x00000000f7300000,0x00000000f7300000,0x00000000f9880000)
 ParOldGen       total 226304K, used 82715K [0x00000000a0000000, 0x00000000add00000, 0x00000000e0000000)
  object space 226304K, 36% used [0x00000000a0000000,0x00000000a50c6ff8,0x00000000add00000)
 Metaspace       used 103199K, capacity 108570K, committed 108864K, reserved 1144832K
  class space    used 12904K, capacity 13801K, committed 13928K, reserved 1048576K
}

